<?xml version="1.0" encoding="UTF-8"?>
<testng-results skipped="0" failed="1" ignored="0" total="1" passed="0">
  <reporter-output>
  </reporter-output>
  <suite name="Default suite" duration-ms="3357" started-at="2021-02-23T10:28:09Z" finished-at="2021-02-23T10:28:12Z">
    <groups>
      <group name="cucumber">
        <method signature="AbstractTestNGCucumberTests.feature(cucumber.api.testng.CucumberFeatureWrapper)[pri:0, instance:com.capgemini.runner.ADDRESSRunner@cb644e]" name="feature" class="cucumber.api.testng.AbstractTestNGCucumberTests"/>
      </group> <!-- cucumber -->
    </groups>
    <test name="Default test" duration-ms="3357" started-at="2021-02-23T10:28:09Z" finished-at="2021-02-23T10:28:12Z">
      <class name="com.capgemini.runner.ADDRESSRunner">
        <test-method status="PASS" signature="setUpClass()[pri:0, instance:com.capgemini.runner.ADDRESSRunner@cb644e]" name="setUpClass" is-config="true" duration-ms="358" started-at="2021-02-23T15:58:09Z" finished-at="2021-02-23T15:58:09Z">
          <reporter-output>
          </reporter-output>
        </test-method> <!-- setUpClass -->
        <test-method status="FAIL" signature="feature(cucumber.api.testng.CucumberFeatureWrapper)[pri:0, instance:com.capgemini.runner.ADDRESSRunner@cb644e]" name="feature" duration-ms="2833" started-at="2021-02-23T15:58:09Z" description="Runs Cucumber Feature" data-provider="features" finished-at="2021-02-23T15:58:12Z">
          <params>
            <param index="0">
              <value>
                <![CDATA[Snapdeal Application]]>
              </value>
            </param>
          </params>
          <exception class="cucumber.runtime.CucumberException">
            <message>
              <![CDATA[org.openqa.selenium.SessionNotCreatedException: session not created: This version of ChromeDriver only supports Chrome version 81
Build info: version: '3.141.59', revision: 'e82be7d358', time: '2018-11-14T08:17:03'
System info: host: 'LAPTOP-TSJUPG76', ip: '192.168.1.100', os.name: 'Windows 10', os.arch: 'amd64', os.version: '10.0', java.version: '1.8.0_91'
Driver info: driver.version: ChromeDriver
remote stacktrace: Backtrace:
	Ordinal0 [0x00B95F73+2449267]
	Ordinal0 [0x00AC8361+1606497]
	Ordinal0 [0x009BF969+522601]
	Ordinal0 [0x009505F3+67059]
	Ordinal0 [0x0094CD92+52626]
	Ordinal0 [0x0096C127+180519]
	Ordinal0 [0x0096BF2D+180013]
	Ordinal0 [0x00969E5B+171611]
	Ordinal0 [0x00951DD8+73176]
	Ordinal0 [0x00952E50+77392]
	Ordinal0 [0x00952DE9+77289]
	Ordinal0 [0x00ADD8D7+1693911]
	GetHandleVerifier [0x00C34036+522726]
	GetHandleVerifier [0x00C33D74+522020]
	GetHandleVerifier [0x00C49187+609079]
	GetHandleVerifier [0x00C348A6+524886]
	Ordinal0 [0x00AD5CBC+1662140]
	Ordinal0 [0x00ADF23B+1700411]
	Ordinal0 [0x00ADF3A3+1700771]
	Ordinal0 [0x00AF5215+1790485]
	BaseThreadInitThunk [0x76096359+25]
	RtlGetAppContainerNamedObjectPath [0x771C8944+228]
	RtlGetAppContainerNamedObjectPath [0x771C8914+180]
]]>
            </message>
            <full-stacktrace>
              <![CDATA[cucumber.runtime.CucumberException: org.openqa.selenium.SessionNotCreatedException: session not created: This version of ChromeDriver only supports Chrome version 81
Build info: version: '3.141.59', revision: 'e82be7d358', time: '2018-11-14T08:17:03'
System info: host: 'LAPTOP-TSJUPG76', ip: '192.168.1.100', os.name: 'Windows 10', os.arch: 'amd64', os.version: '10.0', java.version: '1.8.0_91'
Driver info: driver.version: ChromeDriver
remote stacktrace: Backtrace:
	Ordinal0 [0x00B95F73+2449267]
	Ordinal0 [0x00AC8361+1606497]
	Ordinal0 [0x009BF969+522601]
	Ordinal0 [0x009505F3+67059]
	Ordinal0 [0x0094CD92+52626]
	Ordinal0 [0x0096C127+180519]
	Ordinal0 [0x0096BF2D+180013]
	Ordinal0 [0x00969E5B+171611]
	Ordinal0 [0x00951DD8+73176]
	Ordinal0 [0x00952E50+77392]
	Ordinal0 [0x00952DE9+77289]
	Ordinal0 [0x00ADD8D7+1693911]
	GetHandleVerifier [0x00C34036+522726]
	GetHandleVerifier [0x00C33D74+522020]
	GetHandleVerifier [0x00C49187+609079]
	GetHandleVerifier [0x00C348A6+524886]
	Ordinal0 [0x00AD5CBC+1662140]
	Ordinal0 [0x00ADF23B+1700411]
	Ordinal0 [0x00ADF3A3+1700771]
	Ordinal0 [0x00AF5215+1790485]
	BaseThreadInitThunk [0x76096359+25]
	RtlGetAppContainerNamedObjectPath [0x771C8944+228]
	RtlGetAppContainerNamedObjectPath [0x771C8914+180]

	at cucumber.api.testng.TestNGCucumberRunner.runCucumber(TestNGCucumberRunner.java:69)
	at cucumber.api.testng.AbstractTestNGCucumberTests.feature(AbstractTestNGCucumberTests.java:21)
	at sun.reflect.NativeMethodAccessorImpl.invoke0(Native Method)
	at sun.reflect.NativeMethodAccessorImpl.invoke(Unknown Source)
	at sun.reflect.DelegatingMethodAccessorImpl.invoke(Unknown Source)
	at java.lang.reflect.Method.invoke(Unknown Source)
	at org.testng.internal.MethodInvocationHelper.invokeMethod(MethodInvocationHelper.java:108)
	at org.testng.internal.Invoker.invokeMethod(Invoker.java:661)
	at org.testng.internal.Invoker.invokeTestMethod(Invoker.java:869)
	at org.testng.internal.Invoker.invokeTestMethods(Invoker.java:1193)
	at org.testng.internal.TestMethodWorker.invokeTestMethods(TestMethodWorker.java:126)
	at org.testng.internal.TestMethodWorker.run(TestMethodWorker.java:109)
	at org.testng.TestRunner.privateRun(TestRunner.java:744)
	at org.testng.TestRunner.run(TestRunner.java:602)
	at org.testng.SuiteRunner.runTest(SuiteRunner.java:380)
	at org.testng.SuiteRunner.runSequentially(SuiteRunner.java:375)
	at org.testng.SuiteRunner.privateRun(SuiteRunner.java:340)
	at org.testng.SuiteRunner.run(SuiteRunner.java:289)
	at org.testng.SuiteRunnerWorker.runSuite(SuiteRunnerWorker.java:52)
	at org.testng.SuiteRunnerWorker.run(SuiteRunnerWorker.java:86)
	at org.testng.TestNG.runSuitesSequentially(TestNG.java:1301)
	at org.testng.TestNG.runSuitesLocally(TestNG.java:1226)
	at org.testng.TestNG.runSuites(TestNG.java:1144)
	at org.testng.TestNG.run(TestNG.java:1115)
	at org.testng.remote.AbstractRemoteTestNG.run(AbstractRemoteTestNG.java:114)
	at org.testng.remote.RemoteTestNG.initAndRun(RemoteTestNG.java:251)
	at org.testng.remote.RemoteTestNG.main(RemoteTestNG.java:77)
Caused by: org.openqa.selenium.SessionNotCreatedException: session not created: This version of ChromeDriver only supports Chrome version 81
Build info: version: '3.141.59', revision: 'e82be7d358', time: '2018-11-14T08:17:03'
System info: host: 'LAPTOP-TSJUPG76', ip: '192.168.1.100', os.name: 'Windows 10', os.arch: 'amd64', os.version: '10.0', java.version: '1.8.0_91'
Driver info: driver.version: ChromeDriver
remote stacktrace: Backtrace:
	Ordinal0 [0x00B95F73+2449267]
	Ordinal0 [0x00AC8361+1606497]
	Ordinal0 [0x009BF969+522601]
	Ordinal0 [0x009505F3+67059]
	Ordinal0 [0x0094CD92+52626]
	Ordinal0 [0x0096C127+180519]
	Ordinal0 [0x0096BF2D+180013]
	Ordinal0 [0x00969E5B+171611]
	Ordinal0 [0x00951DD8+73176]
	Ordinal0 [0x00952E50+77392]
	Ordinal0 [0x00952DE9+77289]
	Ordinal0 [0x00ADD8D7+1693911]
	GetHandleVerifier [0x00C34036+522726]
	GetHandleVerifier [0x00C33D74+522020]
	GetHandleVerifier [0x00C49187+609079]
	GetHandleVerifier [0x00C348A6+524886]
	Ordinal0 [0x00AD5CBC+1662140]
	Ordinal0 [0x00ADF23B+1700411]
	Ordinal0 [0x00ADF3A3+1700771]
	Ordinal0 [0x00AF5215+1790485]
	BaseThreadInitThunk [0x76096359+25]
	RtlGetAppContainerNamedObjectPath [0x771C8944+228]
	RtlGetAppContainerNamedObjectPath [0x771C8914+180]

	at sun.reflect.NativeConstructorAccessorImpl.newInstance0(Native Method)
	at sun.reflect.NativeConstructorAccessorImpl.newInstance(Unknown Source)
	at sun.reflect.DelegatingConstructorAccessorImpl.newInstance(Unknown Source)
	at java.lang.reflect.Constructor.newInstance(Unknown Source)
	at org.openqa.selenium.remote.W3CHandshakeResponse.lambda$errorHandler$0(W3CHandshakeResponse.java:62)
	at org.openqa.selenium.remote.HandshakeResponse.lambda$getResponseFunction$0(HandshakeResponse.java:30)
	at org.openqa.selenium.remote.ProtocolHandshake.lambda$createSession$0(ProtocolHandshake.java:126)
	at java.util.stream.ReferencePipeline$3$1.accept(Unknown Source)
	at java.util.Spliterators$ArraySpliterator.tryAdvance(Unknown Source)
	at java.util.stream.ReferencePipeline.forEachWithCancel(Unknown Source)
	at java.util.stream.AbstractPipeline.copyIntoWithCancel(Unknown Source)
	at java.util.stream.AbstractPipeline.copyInto(Unknown Source)
	at java.util.stream.AbstractPipeline.wrapAndCopyInto(Unknown Source)
	at java.util.stream.FindOps$FindOp.evaluateSequential(Unknown Source)
	at java.util.stream.AbstractPipeline.evaluate(Unknown Source)
	at java.util.stream.ReferencePipeline.findFirst(Unknown Source)
	at org.openqa.selenium.remote.ProtocolHandshake.createSession(ProtocolHandshake.java:128)
	at org.openqa.selenium.remote.ProtocolHandshake.createSession(ProtocolHandshake.java:74)
	at org.openqa.selenium.remote.HttpCommandExecutor.execute(HttpCommandExecutor.java:136)
	at org.openqa.selenium.remote.service.DriverCommandExecutor.execute(DriverCommandExecutor.java:83)
	at org.openqa.selenium.remote.RemoteWebDriver.execute(RemoteWebDriver.java:552)
	at org.openqa.selenium.remote.RemoteWebDriver.startSession(RemoteWebDriver.java:213)
	at org.openqa.selenium.remote.RemoteWebDriver.<init>(RemoteWebDriver.java:131)
	at org.openqa.selenium.chrome.ChromeDriver.<init>(ChromeDriver.java:181)
	at org.openqa.selenium.chrome.ChromeDriver.<init>(ChromeDriver.java:168)
	at org.openqa.selenium.chrome.ChromeDriver.<init>(ChromeDriver.java:123)
	at StepDef.ABOUTStep.setup(ABOUTStep.java:21)
	at sun.reflect.NativeMethodAccessorImpl.invoke0(Native Method)
	at sun.reflect.NativeMethodAccessorImpl.invoke(Unknown Source)
	at sun.reflect.DelegatingMethodAccessorImpl.invoke(Unknown Source)
	at java.lang.reflect.Method.invoke(Unknown Source)
	at cucumber.runtime.Utils$1.call(Utils.java:40)
	at cucumber.runtime.Timeout.timeout(Timeout.java:16)
	at cucumber.runtime.Utils.invoke(Utils.java:34)
	at cucumber.runtime.java.JavaHookDefinition.execute(JavaHookDefinition.java:60)
	at cucumber.runtime.Runtime.runHookIfTagsMatch(Runtime.java:224)
	at cucumber.runtime.Runtime.runHooks(Runtime.java:212)
	at cucumber.runtime.Runtime.runBeforeHooks(Runtime.java:202)
	at cucumber.runtime.model.CucumberScenario.run(CucumberScenario.java:40)
	at cucumber.runtime.model.CucumberFeature.run(CucumberFeature.java:165)
	at cucumber.api.testng.TestNGCucumberRunner.runCucumber(TestNGCucumberRunner.java:63)
	... 26 more
]]>
            </full-stacktrace>
          </exception> <!-- cucumber.runtime.CucumberException -->
          <reporter-output>
          </reporter-output>
        </test-method> <!-- feature -->
        <test-method status="PASS" signature="tearDownClass()[pri:0, instance:com.capgemini.runner.ADDRESSRunner@cb644e]" name="tearDownClass" is-config="true" duration-ms="31" started-at="2021-02-23T15:58:12Z" finished-at="2021-02-23T15:58:12Z">
          <reporter-output>
          </reporter-output>
        </test-method> <!-- tearDownClass -->
      </class> <!-- com.capgemini.runner.ADDRESSRunner -->
    </test> <!-- Default test -->
  </suite> <!-- Default suite -->
</testng-results>
